<?xml version="1.0" encoding="UTF-8"?>
<!-- Generated by org.testng.reporters.JUnitReportReporter -->
<testsuite skipped="0" hostname="DESKTOP-M1905C2" name="com.actitime.test.CreateCustomer" tests="1" failures="0" timestamp="2020-09-09T11:03:27 IST" time="40.265" errors="0">
  <testcase name="testCreateCustomer" time="40.265" classname="com.actitime.test.CreateCustomer"/>
  <system-out/>
</testsuite> <!-- com.actitime.test.CreateCustomer -->
